<?xml version="1.0" encoding="UTF-8"?>
<coverage generated="1664380435456" clover="3.2.0">
  <project timestamp="1664380435456" name="All files">
    <metrics statements="42" coveredstatements="14" conditionals="14" coveredconditionals="2" methods="11" coveredmethods="4" elements="67" coveredelements="20" complexity="0" loc="42" ncloc="42" packages="2" files="4" classes="4"/>
    <package name="Queue">
      <metrics statements="19" coveredstatements="7" conditionals="6" coveredconditionals="1" methods="5" coveredmethods="2"/>
      <file name="Node.js" path="/home/adarbeh/401project/Stack_and_Queue/Queue/Node.js">
        <metrics statements="3" coveredstatements="1" conditionals="0" coveredconditionals="0" methods="1" coveredmethods="0"/>
        <line num="3" count="0" type="stmt"/>
        <line num="4" count="0" type="stmt"/>
        <line num="8" count="1" type="stmt"/>
      </file>
      <file name="Queue.js" path="/home/adarbeh/401project/Stack_and_Queue/Queue/Queue.js">
        <metrics statements="16" coveredstatements="6" conditionals="6" coveredconditionals="1" methods="4" coveredmethods="2"/>
        <line num="2" count="1" type="stmt"/>
        <line num="6" count="1" type="stmt"/>
        <line num="7" count="1" type="stmt"/>
        <line num="11" count="0" type="cond" truecount="0" falsecount="2"/>
        <line num="12" count="0" type="stmt"/>
        <line num="13" count="0" type="stmt"/>
        <line num="15" count="0" type="stmt"/>
        <line num="16" count="0" type="stmt"/>
        <line num="21" count="0" type="cond" truecount="0" falsecount="2"/>
        <line num="22" count="0" type="stmt"/>
        <line num="24" count="0" type="stmt"/>
        <line num="25" count="0" type="stmt"/>
        <line num="30" count="1" type="cond" truecount="1" falsecount="1"/>
        <line num="31" count="1" type="stmt"/>
        <line num="33" count="0" type="stmt"/>
        <line num="39" count="1" type="stmt"/>
      </file>
    </package>
    <package name="Stack">
      <metrics statements="23" coveredstatements="7" conditionals="8" coveredconditionals="1" methods="6" coveredmethods="2"/>
      <file name="Node.js" path="/home/adarbeh/401project/Stack_and_Queue/Stack/Node.js">
        <metrics statements="3" coveredstatements="1" conditionals="0" coveredconditionals="0" methods="1" coveredmethods="0"/>
        <line num="3" count="0" type="stmt"/>
        <line num="4" count="0" type="stmt"/>
        <line num="8" count="1" type="stmt"/>
      </file>
      <file name="Stack.js" path="/home/adarbeh/401project/Stack_and_Queue/Stack/Stack.js">
        <metrics statements="20" coveredstatements="6" conditionals="8" coveredconditionals="1" methods="5" coveredmethods="2"/>
        <line num="3" count="1" type="stmt"/>
        <line num="7" count="1" type="stmt"/>
        <line num="8" count="1" type="stmt"/>
        <line num="12" count="0" type="cond" truecount="0" falsecount="2"/>
        <line num="13" count="0" type="stmt"/>
        <line num="14" count="0" type="stmt"/>
        <line num="16" count="0" type="stmt"/>
        <line num="17" count="0" type="stmt"/>
        <line num="22" count="0" type="cond" truecount="0" falsecount="2"/>
        <line num="23" count="0" type="stmt"/>
        <line num="25" count="0" type="stmt"/>
        <line num="26" count="0" type="stmt"/>
        <line num="27" count="0" type="stmt"/>
        <line num="32" count="1" type="cond" truecount="1" falsecount="1"/>
        <line num="33" count="1" type="stmt"/>
        <line num="35" count="0" type="stmt"/>
        <line num="40" count="0" type="cond" truecount="0" falsecount="2"/>
        <line num="41" count="0" type="stmt"/>
        <line num="43" count="0" type="stmt"/>
        <line num="49" count="1" type="stmt"/>
      </file>
    </package>
  </project>
</coverage>
