{"/home/adarbeh/401project/Stack_and_Queue/Queue/Node.js": {"path":"/home/adarbeh/401project/Stack_and_Queue/Queue/Node.js","statementMap":{"0":{"start":{"line":3,"column":8},"end":{"line":3,"column":25}},"1":{"start":{"line":4,"column":8},"end":{"line":4,"column":25}},"2":{"start":{"line":8,"column":0},"end":{"line":8,"column":22}}},"fnMap":{"0":{"name":"(anonymous_0)","decl":{"start":{"line":2,"column":4},"end":{"line":2,"column":5}},"loc":{"start":{"line":2,"column":27},"end":{"line":5,"column":5}},"line":2}},"branchMap":{},"s":{"0":4,"1":4,"2":1},"f":{"0":4},"b":{},"_coverageSchema":"1a1c01bbd47fc00a2c39e90264f33305004495a9","hash":"394fba5689770709ebf57f6347f7c3e87ac17a92"}
,"/home/adarbeh/401project/Stack_and_Queue/Queue/Queue.js": {"path":"/home/adarbeh/401project/Stack_and_Queue/Queue/Queue.js","statementMap":{"0":{"start":{"line":2,"column":13},"end":{"line":2,"column":33}},"1":{"start":{"line":6,"column":8},"end":{"line":6,"column":26}},"2":{"start":{"line":7,"column":8},"end":{"line":7,"column":25}},"3":{"start":{"line":11,"column":8},"end":{"line":17,"column":9}},"4":{"start":{"line":12,"column":12},"end":{"line":12,"column":44}},"5":{"start":{"line":13,"column":12},"end":{"line":13,"column":35}},"6":{"start":{"line":15,"column":12},"end":{"line":15,"column":61}},"7":{"start":{"line":16,"column":12},"end":{"line":16,"column":40}},"8":{"start":{"line":21,"column":8},"end":{"line":26,"column":9}},"9":{"start":{"line":22,"column":12},"end":{"line":22,"column":24}},"10":{"start":{"line":24,"column":12},"end":{"line":24,"column":41}},"11":{"start":{"line":25,"column":12},"end":{"line":25,"column":30}},"12":{"start":{"line":30,"column":8},"end":{"line":34,"column":9}},"13":{"start":{"line":31,"column":12},"end":{"line":31,"column":24}},"14":{"start":{"line":33,"column":12},"end":{"line":33,"column":30}},"15":{"start":{"line":39,"column":0},"end":{"line":39,"column":23}}},"fnMap":{"0":{"name":"(anonymous_0)","decl":{"start":{"line":5,"column":4},"end":{"line":5,"column":5}},"loc":{"start":{"line":5,"column":18},"end":{"line":8,"column":5}},"line":5},"1":{"name":"(anonymous_1)","decl":{"start":{"line":10,"column":4},"end":{"line":10,"column":5}},"loc":{"start":{"line":10,"column":19},"end":{"line":18,"column":5}},"line":10},"2":{"name":"(anonymous_2)","decl":{"start":{"line":20,"column":4},"end":{"line":20,"column":5}},"loc":{"start":{"line":20,"column":14},"end":{"line":27,"column":5}},"line":20},"3":{"name":"(anonymous_3)","decl":{"start":{"line":29,"column":4},"end":{"line":29,"column":5}},"loc":{"start":{"line":29,"column":11},"end":{"line":35,"column":5}},"line":29}},"branchMap":{"0":{"loc":{"start":{"line":11,"column":8},"end":{"line":17,"column":9}},"type":"if","locations":[{"start":{"line":11,"column":8},"end":{"line":17,"column":9}},{"start":{"line":14,"column":15},"end":{"line":17,"column":9}}],"line":11},"1":{"loc":{"start":{"line":21,"column":8},"end":{"line":26,"column":9}},"type":"if","locations":[{"start":{"line":21,"column":8},"end":{"line":26,"column":9}},{"start":{"line":23,"column":15},"end":{"line":26,"column":9}}],"line":21},"2":{"loc":{"start":{"line":30,"column":8},"end":{"line":34,"column":9}},"type":"if","locations":[{"start":{"line":30,"column":8},"end":{"line":34,"column":9}},{"start":{"line":32,"column":15},"end":{"line":34,"column":9}}],"line":30}},"s":{"0":1,"1":3,"2":3,"3":4,"4":2,"5":2,"6":2,"7":2,"8":1,"9":0,"10":1,"11":1,"12":2,"13":1,"14":1,"15":1},"f":{"0":3,"1":4,"2":1,"3":2},"b":{"0":[2,2],"1":[0,1],"2":[1,1]},"_coverageSchema":"1a1c01bbd47fc00a2c39e90264f33305004495a9","hash":"a452ab33f0887b0b64081a5455750db4cc8afe31"}
,"/home/adarbeh/401project/Stack_and_Queue/Stack/Node.js": {"path":"/home/adarbeh/401project/Stack_and_Queue/Stack/Node.js","statementMap":{"0":{"start":{"line":3,"column":8},"end":{"line":3,"column":26}},"1":{"start":{"line":4,"column":8},"end":{"line":4,"column":27}},"2":{"start":{"line":8,"column":0},"end":{"line":8,"column":22}}},"fnMap":{"0":{"name":"(anonymous_0)","decl":{"start":{"line":2,"column":4},"end":{"line":2,"column":5}},"loc":{"start":{"line":2,"column":30},"end":{"line":5,"column":5}},"line":2}},"branchMap":{},"s":{"0":12,"1":12,"2":1},"f":{"0":12},"b":{},"_coverageSchema":"1a1c01bbd47fc00a2c39e90264f33305004495a9","hash":"57a70ee47430c544573ea05b7486d89a432cebcf"}
,"/home/adarbeh/401project/Stack_and_Queue/Stack/Stack.js": {"path":"/home/adarbeh/401project/Stack_and_Queue/Stack/Stack.js","statementMap":{"0":{"start":{"line":3,"column":13},"end":{"line":3,"column":33}},"1":{"start":{"line":7,"column":8},"end":{"line":7,"column":24}},"2":{"start":{"line":8,"column":8},"end":{"line":8,"column":24}},"3":{"start":{"line":12,"column":8},"end":{"line":18,"column":9}},"4":{"start":{"line":13,"column":12},"end":{"line":13,"column":42}},"5":{"start":{"line":14,"column":12},"end":{"line":14,"column":38}},"6":{"start":{"line":16,"column":12},"end":{"line":16,"column":59}},"7":{"start":{"line":17,"column":12},"end":{"line":17,"column":38}},"8":{"start":{"line":22,"column":8},"end":{"line":28,"column":9}},"9":{"start":{"line":23,"column":12},"end":{"line":23,"column":24}},"10":{"start":{"line":25,"column":12},"end":{"line":25,"column":29}},"11":{"start":{"line":26,"column":12},"end":{"line":26,"column":57}},"12":{"start":{"line":27,"column":12},"end":{"line":27,"column":28}},"13":{"start":{"line":32,"column":8},"end":{"line":36,"column":9}},"14":{"start":{"line":33,"column":12},"end":{"line":33,"column":24}},"15":{"start":{"line":35,"column":12},"end":{"line":35,"column":28}},"16":{"start":{"line":40,"column":8},"end":{"line":44,"column":9}},"17":{"start":{"line":41,"column":12},"end":{"line":41,"column":24}},"18":{"start":{"line":43,"column":12},"end":{"line":43,"column":25}},"19":{"start":{"line":51,"column":0},"end":{"line":51,"column":23}}},"fnMap":{"0":{"name":"(anonymous_0)","decl":{"start":{"line":6,"column":4},"end":{"line":6,"column":5}},"loc":{"start":{"line":6,"column":18},"end":{"line":9,"column":5}},"line":6},"1":{"name":"(anonymous_1)","decl":{"start":{"line":11,"column":4},"end":{"line":11,"column":5}},"loc":{"start":{"line":11,"column":16},"end":{"line":19,"column":5}},"line":11},"2":{"name":"(anonymous_2)","decl":{"start":{"line":21,"column":4},"end":{"line":21,"column":5}},"loc":{"start":{"line":21,"column":10},"end":{"line":29,"column":5}},"line":21},"3":{"name":"(anonymous_3)","decl":{"start":{"line":31,"column":4},"end":{"line":31,"column":5}},"loc":{"start":{"line":31,"column":11},"end":{"line":37,"column":5}},"line":31},"4":{"name":"(anonymous_4)","decl":{"start":{"line":39,"column":4},"end":{"line":39,"column":5}},"loc":{"start":{"line":39,"column":14},"end":{"line":45,"column":5}},"line":39}},"branchMap":{"0":{"loc":{"start":{"line":12,"column":8},"end":{"line":18,"column":9}},"type":"if","locations":[{"start":{"line":12,"column":8},"end":{"line":18,"column":9}},{"start":{"line":15,"column":15},"end":{"line":18,"column":9}}],"line":12},"1":{"loc":{"start":{"line":22,"column":8},"end":{"line":28,"column":9}},"type":"if","locations":[{"start":{"line":22,"column":8},"end":{"line":28,"column":9}},{"start":{"line":24,"column":15},"end":{"line":28,"column":9}}],"line":22},"2":{"loc":{"start":{"line":32,"column":8},"end":{"line":36,"column":9}},"type":"if","locations":[{"start":{"line":32,"column":8},"end":{"line":36,"column":9}},{"start":{"line":34,"column":15},"end":{"line":36,"column":9}}],"line":32},"3":{"loc":{"start":{"line":40,"column":8},"end":{"line":44,"column":9}},"type":"if","locations":[{"start":{"line":40,"column":8},"end":{"line":44,"column":9}},{"start":{"line":42,"column":15},"end":{"line":44,"column":9}}],"line":40}},"s":{"0":1,"1":5,"2":5,"3":12,"4":3,"5":3,"6":9,"7":9,"8":1,"9":0,"10":1,"11":1,"12":1,"13":2,"14":1,"15":1,"16":2,"17":1,"18":1,"19":1},"f":{"0":5,"1":12,"2":1,"3":2,"4":2},"b":{"0":[3,9],"1":[0,1],"2":[1,1],"3":[1,1]},"_coverageSchema":"1a1c01bbd47fc00a2c39e90264f33305004495a9","hash":"27eb444120060f439914025f01ee75d0d6bf3186"}
}
