TN:
SF:Queue/Node.js
FN:2,(anonymous_0)
FNF:1
FNH:1
FNDA:4,(anonymous_0)
DA:3,4
DA:4,4
DA:8,1
LF:3
LH:3
BRF:0
BRH:0
end_of_record
TN:
SF:Queue/Queue.js
FN:5,(anonymous_0)
FN:10,(anonymous_1)
FN:20,(anonymous_2)
FN:29,(anonymous_3)
FNF:4
FNH:4
FNDA:3,(anonymous_0)
FNDA:4,(anonymous_1)
FNDA:1,(anonymous_2)
FNDA:2,(anonymous_3)
DA:2,1
DA:6,3
DA:7,3
DA:11,4
DA:12,2
DA:13,2
DA:15,2
DA:16,2
DA:21,1
DA:22,0
DA:24,1
DA:25,1
DA:30,2
DA:31,1
DA:33,1
DA:39,1
LF:16
LH:15
BRDA:11,0,0,2
BRDA:11,0,1,2
BRDA:21,1,0,0
BRDA:21,1,1,1
BRDA:30,2,0,1
BRDA:30,2,1,1
BRF:6
BRH:5
end_of_record
TN:
SF:Stack/Node.js
FN:2,(anonymous_0)
FNF:1
FNH:1
FNDA:12,(anonymous_0)
DA:3,12
DA:4,12
DA:8,1
LF:3
LH:3
BRF:0
BRH:0
end_of_record
TN:
SF:Stack/Stack.js
FN:6,(anonymous_0)
FN:11,(anonymous_1)
FN:21,(anonymous_2)
FN:31,(anonymous_3)
FN:39,(anonymous_4)
FNF:5
FNH:5
FNDA:5,(anonymous_0)
FNDA:12,(anonymous_1)
FNDA:1,(anonymous_2)
FNDA:2,(anonymous_3)
FNDA:2,(anonymous_4)
DA:3,1
DA:7,5
DA:8,5
DA:12,12
DA:13,3
DA:14,3
DA:16,9
DA:17,9
DA:22,1
DA:23,0
DA:25,1
DA:26,1
DA:27,1
DA:32,2
DA:33,1
DA:35,1
DA:40,2
DA:41,1
DA:43,1
DA:51,1
LF:20
LH:19
BRDA:12,0,0,3
BRDA:12,0,1,9
BRDA:22,1,0,0
BRDA:22,1,1,1
BRDA:32,2,0,1
BRDA:32,2,1,1
BRDA:40,3,0,1
BRDA:40,3,1,1
BRF:8
BRH:7
end_of_record
